# JRE version: Java(TM) SE Runtime Environment (9.0+11) (build 9.0.4+11)
# Java VM: Java HotSpot(TM) 64-Bit Server VM (9.0.4+11, mixed mode, tiered, compressed oops, g1 gc, windows-amd64)
Heap:
 garbage-first heap   total 233472K, used 131768K [0x0000000700000000, 0x0000000700100720, 0x00000007c0000000)
  region size 1024K, 55 young (56320K), 1 survivors (1024K)
 Metaspace       used 81403K, capacity 87469K, committed 87548K, reserved 1124352K
  class space    used 11144K, capacity 12209K, committed 12284K, reserved 1048576K
GC Heap History (10 events):
Event: 675.983 GC heap before
{Heap before GC invocations=188 (full 66):
 garbage-first heap   total 233472K, used 137818K [0x0000000700000000, 0x0000000700100720, 0x00000007c0000000)
  region size 1024K, 60 young (61440K), 1 survivors (1024K)
 Metaspace       used 81331K, capacity 87341K, committed 87548K, reserved 1124352K
  class space    used 11144K, capacity 12209K, committed 12284K, reserved 1048576K
}
Event: 675.986 GC heap after
{Heap after GC invocations=189 (full 66):
 garbage-first heap   total 233472K, used 77438K [0x0000000700000000, 0x0000000700100720, 0x00000007c0000000)
  region size 1024K, 1 young (1024K), 1 survivors (1024K)
 Metaspace       used 81331K, capacity 87341K, committed 87548K, reserved 1124352K
  class space    used 11144K, capacity 12209K, committed 12284K, reserved 1048576K
}
Event: 680.719 GC heap before
{Heap before GC invocations=189 (full 66):
 garbage-first heap   total 233472K, used 137854K [0x0000000700000000, 0x0000000700100720, 0x00000007c0000000)
  region size 1024K, 60 young (61440K), 1 survivors (1024K)
 Metaspace       used 81349K, capacity 87341K, committed 87548K, reserved 1124352K
  class space    used 11144K, capacity 12209K, committed 12284K, reserved 1048576K
}
Event: 680.723 GC heap after
{Heap after GC invocations=190 (full 66):
 garbage-first heap   total 233472K, used 77397K [0x0000000700000000, 0x0000000700100720, 0x00000007c0000000)
  region size 1024K, 1 young (1024K), 1 survivors (1024K)
 Metaspace       used 81349K, capacity 87341K, committed 87548K, reserved 1124352K
  class space    used 11144K, capacity 12209K, committed 12284K, reserved 1048576K
}
Event: 682.701 GC heap before
{Heap before GC invocations=190 (full 66):
 garbage-first heap   total 233472K, used 137813K [0x0000000700000000, 0x0000000700100720, 0x00000007c0000000)
  region size 1024K, 60 young (61440K), 1 survivors (1024K)
 Metaspace       used 81361K, capacity 87469K, committed 87548K, reserved 1124352K
  class space    used 11144K, capacity 12209K, committed 12284K, reserved 1048576K
}
Event: 682.705 GC heap after
{Heap after GC invocations=191 (full 66):
 garbage-first heap   total 233472K, used 77886K [0x0000000700000000, 0x0000000700100720, 0x00000007c0000000)
  region size 1024K, 2 young (2048K), 2 survivors (2048K)
 Metaspace       used 81361K, capacity 87469K, committed 87548K, reserved 1124352K
  class space    used 11144K, capacity 12209K, committed 12284K, reserved 1048576K
}
Event: 683.427 GC heap before
{Heap before GC invocations=191 (full 66):
 garbage-first heap   total 233472K, used 137278K [0x0000000700000000, 0x0000000700100720, 0x00000007c0000000)
  region size 1024K, 60 young (61440K), 2 survivors (2048K)
 Metaspace       used 81363K, capacity 87469K, committed 87548K, reserved 1124352K
  class space    used 11144K, capacity 12209K, committed 12284K, reserved 1048576K
}
Event: 683.430 GC heap after
{Heap after GC invocations=192 (full 66):
 garbage-first heap   total 233472K, used 77475K [0x0000000700000000, 0x0000000700100720, 0x00000007c0000000)
  region size 1024K, 1 young (1024K), 1 survivors (1024K)
 Metaspace       used 81363K, capacity 87469K, committed 87548K, reserved 1124352K
  class space    used 11144K, capacity 12209K, committed 12284K, reserved 1048576K
}
Event: 683.713 GC heap before
{Heap before GC invocations=192 (full 66):
 garbage-first heap   total 233472K, used 137891K [0x0000000700000000, 0x0000000700100720, 0x00000007c0000000)
  region size 1024K, 60 young (61440K), 1 survivors (1024K)
 Metaspace       used 81368K, capacity 87469K, committed 87548K, reserved 1124352K
  class space    used 11144K, capacity 12209K, committed 12284K, reserved 1048576K
}
Event: 683.716 GC heap after
{Heap after GC invocations=193 (full 66):
 garbage-first heap   total 233472K, used 77496K [0x0000000700000000, 0x0000000700100720, 0x00000007c0000000)
  region size 1024K, 1 young (1024K), 1 survivors (1024K)
 Metaspace       used 81368K, capacity 87469K, committed 87548K, reserved 1124352K
  class space    used 11144K, capacity 12209K, committed 12284K, reserved 1048576K
}

